<?xml version="1.0" encoding="UTF-8"?>
<testsuite xmlns:xsi="http://www.w3.org/2001/XMLSchema-instance" xsi:noNamespaceSchemaLocation="https://maven.apache.org/surefire/maven-surefire-plugin/xsd/surefire-test-report.xsd" name="TestSuite" time="0.741" tests="12" errors="0" skipped="0" failures="4">
  <properties>
[...]
</properties>
  <testcase name="cosTest" classname="test.java.SinTest" time="0.008"/>
  <testcase name="cosTest" classname="test.java.CosTest" time="0.016">
    <failure message="expected [0.5403023058681398] but found [0.8414709848078965]" type="java.lang.AssertionError">java.lang.AssertionError: expected [0.5403023058681398] but found [0.8414709848078965]
	at test.java.CosTest.cosTest(CosTest.java:16)
</failure>
  </testcase>
  <testcase name="ctgTest" classname="test.java.CtgTest" time="0.002"/>
  <testcase name="testDivideByZero" classname="test.java.DivLongTest" time="0.001">
    <failure message="&#10;Expected exception java.lang.ArithmeticException but got java.lang.NumberFormatException: Attempt to divide by zero" type="org.testng.TestException">org.testng.TestException: 

Expected exception java.lang.ArithmeticException but got java.lang.NumberFormatException: Attempt to divide by zero
	at test.java.DivLongTest.testDivideByZero(DivLongTest.java:15)
</failure>
  </testcase>
  <testcase name="divTest" classname="test.java.isPositiveTest" time="0.001"/>
  <testcase name="divTest" classname="test.java.isNegativeTest" time="0"/>
  <testcase name="divTest" classname="test.java.multTest" time="0"/>
  <testcase name="divTest" classname="test.java.MultLongTest" time="0"/>
  <testcase name="ctgTest" classname="test.java.PowTest" time="0">
    <failure message="expected [42.22425314473263] but found [32.0]" type="java.lang.AssertionError">java.lang.AssertionError: expected [42.22425314473263] but found [32.0]
	at test.java.PowTest.ctgTest(PowTest.java:15)
</failure>
  </testcase>
  <testcase name="sqrtTest" classname="test.java.SqrtTest" time="0"/>
  <testcase name="cosTest" classname="test.java.SubTest" time="0"/>
  <testcase name="tgTest" classname="test.java.TgTest" time="0">
    <failure message="expected [1.6197751905438615] but found [1.0]" type="java.lang.AssertionError">java.lang.AssertionError: expected [1.6197751905438615] but found [1.0]
	at test.java.TgTest.tgTest(TgTest.java:15)
</failure>
  </testcase>
</testsuite>