<?xml version="1.0" encoding="UTF-8"?>
<!-- Generated by org.testng.reporters.JUnitXMLReporter -->
<testsuite hostname="EPBYMINW5030" failures="1" tests="1" name="div long test" time="0.001" errors="0" timestamp="8 Apr 2019 12:29:42 GMT">
  <testcase classname="test.java.DivLongTest" name="testDivideByZero" time="0.001">
    <failure type="org.testng.TestException" message="
Expected exception java.lang.ArithmeticException but got org.testng.TestException: 
Expected exception java.lang.ArithmeticException but got java.lang.NumberFormatException: Attempt to divide by zero">
      <![CDATA[org.testng.TestException: 
Expected exception java.lang.ArithmeticException but got java.lang.NumberFormatException: Attempt to divide by zero
	at java.base/java.util.concurrent.FutureTask.run(FutureTask.java:264)
	at java.base/java.util.concurrent.ThreadPoolExecutor.runWorker(ThreadPoolExecutor.java:1128)
	at java.base/java.util.concurrent.ThreadPoolExecutor$Worker.run(ThreadPoolExecutor.java:628)
	at java.base/java.lang.Thread.run(Thread.java:834)
Expected exception java.lang.ArithmeticException but got java.lang.NumberFormatException: Attempt to divide by zero
	... 12 more
Caused by: java.lang.NumberFormatException: Attempt to divide by zero
	at com.epam.tat.module4.Calculator.div(Calculator.java:34)
	at test.java.DivLongTest.testDivideByZero(DivLongTest.java:15)
	... 14 more
... Removed 22 stack frames]]>
    </failure>
  </testcase> <!-- testDivideByZero -->
</testsuite> <!-- div long test -->
